<?xml version="1.0" encoding="UTF-8"?>
<testng-results ignored="4" total="4" passed="0" failed="0" skipped="0">
  <reporter-output>
  </reporter-output>
  <suite started-at="2020-12-08T20:07:07 EST" name="Parameter test Suite" finished-at="2020-12-08T20:07:07 EST" duration-ms="68">
    <groups>
    </groups>
    <test started-at="2020-12-08T20:07:07 EST" name="Test1" finished-at="2020-12-08T20:07:07 EST" duration-ms="5">
    </test> <!-- Test1 -->
    <test started-at="2020-12-08T20:07:07 EST" name="Test2" finished-at="2020-12-08T20:07:07 EST" duration-ms="1">
    </test> <!-- Test2 -->
    <test started-at="2020-12-08T20:07:07 EST" name="Test3" finished-at="2020-12-08T20:07:07 EST" duration-ms="0">
    </test> <!-- Test3 -->
    <test started-at="2020-12-08T20:07:07 EST" name="Test4" finished-at="2020-12-08T20:07:07 EST" duration-ms="0">
    </test> <!-- Test4 -->
  </suite> <!-- Parameter test Suite -->
</testng-results>
